build/app/intermediates/manifest_merge_blame_file/debug/manifest-merger-blame-debug-report.txt
1<?xml version="1.0" encoding="utf-8"?>
2<manifest xmlns:android="http://schemas.android.com/apk/res/android"
3    package="com.example.check_artisan_main"
4    android:versionCode="1"
5    android:versionName="1.0.0" >
6
7    <uses-sdk
8        android:minSdkVersion="21"
9        android:targetSdkVersion="34" />
10    <!--
11         The INTERNET permission is required for development. Specifically,
12         the Flutter tool needs it to communicate with the running application
13         to allow setting breakpoints, to provide hot reload, etc.
14    -->
15    <uses-permission android:name="android.permission.INTERNET" />
15-->src/main/AndroidManifest.xml:3:5-67
15-->src/main/AndroidManifest.xml:3:22-64
16
17    <queries>
17-->[com.facebook.android:facebook-common:17.0.1] AndroidManifest.xml:17:5-19:15
18        <package android:name="com.facebook.katana" />
18-->[com.facebook.android:facebook-common:17.0.1] AndroidManifest.xml:18:9-55
18-->[com.facebook.android:facebook-common:17.0.1] AndroidManifest.xml:18:18-52
19    </queries>
20
21    <uses-permission android:name="com.google.android.gms.permission.AD_ID" />
21-->[com.facebook.android:facebook-core:17.0.1] AndroidManifest.xml:16:5-79
21-->[com.facebook.android:facebook-core:17.0.1] AndroidManifest.xml:16:22-76
22
23    <permission
23-->[androidx.core:core:1.13.1] AndroidManifest.xml:22:5-24:47
24        android:name="com.example.check_artisan_main.DYNAMIC_RECEIVER_NOT_EXPORTED_PERMISSION"
24-->[androidx.core:core:1.13.1] AndroidManifest.xml:23:9-81
25        android:protectionLevel="signature" />
25-->[androidx.core:core:1.13.1] AndroidManifest.xml:24:9-44
26
27    <uses-permission android:name="com.example.check_artisan_main.DYNAMIC_RECEIVER_NOT_EXPORTED_PERMISSION" />
27-->[androidx.core:core:1.13.1] AndroidManifest.xml:26:5-97
27-->[androidx.core:core:1.13.1] AndroidManifest.xml:26:22-94
28    <uses-permission android:name="com.google.android.finsky.permission.BIND_GET_INSTALL_REFERRER_SERVICE" />
28-->[com.android.installreferrer:installreferrer:1.0] AndroidManifest.xml:9:5-110
28-->[com.android.installreferrer:installreferrer:1.0] AndroidManifest.xml:9:22-107
29
30    <application
31        android:name="android.app.Application"
32        android:appComponentFactory="androidx.core.app.CoreComponentFactory"
32-->[androidx.core:core:1.13.1] AndroidManifest.xml:28:18-86
33        android:debuggable="true"
34        android:extractNativeLibs="true"
35        android:icon="@mipmap/ic_launcher"
36        android:label="checkartisanmain"
37        android:supportsRtl="true" >
37-->[com.facebook.android:facebook-login:17.0.1] AndroidManifest.xml:16:18-44
38        <activity
39            android:name="com.example.check_artisan_main.MainActivity"
40            android:configChanges="orientation|keyboardHidden|keyboard|screenSize|smallestScreenSize|locale|layoutDirection|fontScale|screenLayout|density|uiMode"
41            android:exported="true"
42            android:hardwareAccelerated="true"
43            android:launchMode="singleTop"
44            android:theme="@style/LaunchTheme"
45            android:windowSoftInputMode="adjustResize" >
46
47            <!--
48                 Specifies an Android theme to apply to this Activity as soon as
49                 the Android process has started. This theme is visible to the user
50                 while the Flutter UI initializes. After that, this theme continues
51                 to determine the Window background behind the Flutter UI.
52            -->
53            <meta-data
54                android:name="io.flutter.embedding.android.NormalTheme"
55                android:resource="@style/NormalTheme" />
56
57            <intent-filter>
58                <action android:name="android.intent.action.MAIN" />
59
60                <category android:name="android.intent.category.LAUNCHER" />
61            </intent-filter>
62        </activity>
63
64        <!--
65             Don't delete the meta-data below.
66             This is used by the Flutter tool to generate GeneratedPluginRegistrant.java
67        -->
68        <meta-data
69            android:name="flutterEmbedding"
70            android:value="2" />
71
72        <provider
72-->[:image_picker_android] AndroidManifest.xml:9:9-17:20
73            android:name="io.flutter.plugins.imagepicker.ImagePickerFileProvider"
73-->[:image_picker_android] AndroidManifest.xml:10:13-82
74            android:authorities="com.example.check_artisan_main.flutter.image_provider"
74-->[:image_picker_android] AndroidManifest.xml:11:13-74
75            android:exported="false"
75-->[:image_picker_android] AndroidManifest.xml:12:13-37
76            android:grantUriPermissions="true" >
76-->[:image_picker_android] AndroidManifest.xml:13:13-47
77            <meta-data
77-->[:image_picker_android] AndroidManifest.xml:14:13-16:75
78                android:name="android.support.FILE_PROVIDER_PATHS"
78-->[:image_picker_android] AndroidManifest.xml:15:17-67
79                android:resource="@xml/flutter_image_picker_file_paths" />
79-->[:image_picker_android] AndroidManifest.xml:16:17-72
80        </provider> <!-- Trigger Google Play services to install the backported photo picker module. -->
81        <service
81-->[:image_picker_android] AndroidManifest.xml:19:9-31:19
82            android:name="com.google.android.gms.metadata.ModuleDependencies"
82-->[:image_picker_android] AndroidManifest.xml:20:13-78
83            android:enabled="false"
83-->[:image_picker_android] AndroidManifest.xml:21:13-36
84            android:exported="false" >
84-->[:image_picker_android] AndroidManifest.xml:22:13-37
85            <intent-filter>
85-->[:image_picker_android] AndroidManifest.xml:24:13-26:29
86                <action android:name="com.google.android.gms.metadata.MODULE_DEPENDENCIES" />
86-->[:image_picker_android] AndroidManifest.xml:25:17-94
86-->[:image_picker_android] AndroidManifest.xml:25:25-91
87            </intent-filter>
88
89            <meta-data
89-->[:image_picker_android] AndroidManifest.xml:28:13-30:36
90                android:name="photopicker_activity:0:required"
90-->[:image_picker_android] AndroidManifest.xml:29:17-63
91                android:value="" />
91-->[:image_picker_android] AndroidManifest.xml:30:17-33
92        </service>
93
94        <uses-library
94-->[androidx.window:window:1.0.0-beta04] AndroidManifest.xml:25:9-27:40
95            android:name="androidx.window.extensions"
95-->[androidx.window:window:1.0.0-beta04] AndroidManifest.xml:26:13-54
96            android:required="false" />
96-->[androidx.window:window:1.0.0-beta04] AndroidManifest.xml:27:13-37
97        <uses-library
97-->[androidx.window:window:1.0.0-beta04] AndroidManifest.xml:28:9-30:40
98            android:name="androidx.window.sidecar"
98-->[androidx.window:window:1.0.0-beta04] AndroidManifest.xml:29:13-51
99            android:required="false" />
99-->[androidx.window:window:1.0.0-beta04] AndroidManifest.xml:30:13-37
100
101        <activity
101-->[com.facebook.android:facebook-common:17.0.1] AndroidManifest.xml:22:9-25:66
102            android:name="com.facebook.FacebookActivity"
102-->[com.facebook.android:facebook-common:17.0.1] AndroidManifest.xml:23:13-57
103            android:configChanges="keyboard|keyboardHidden|screenLayout|screenSize|orientation"
103-->[com.facebook.android:facebook-common:17.0.1] AndroidManifest.xml:24:13-96
104            android:theme="@style/com_facebook_activity_theme" />
104-->[com.facebook.android:facebook-common:17.0.1] AndroidManifest.xml:25:13-63
105        <activity android:name="com.facebook.CustomTabMainActivity" />
105-->[com.facebook.android:facebook-common:17.0.1] AndroidManifest.xml:26:9-71
105-->[com.facebook.android:facebook-common:17.0.1] AndroidManifest.xml:26:19-68
106        <activity
106-->[com.facebook.android:facebook-common:17.0.1] AndroidManifest.xml:27:9-41:20
107            android:name="com.facebook.CustomTabActivity"
107-->[com.facebook.android:facebook-common:17.0.1] AndroidManifest.xml:28:13-58
108            android:exported="true" >
108-->[com.facebook.android:facebook-common:17.0.1] AndroidManifest.xml:29:13-36
109            <intent-filter>
109-->[com.facebook.android:facebook-common:17.0.1] AndroidManifest.xml:31:13-40:29
110                <action android:name="android.intent.action.VIEW" />
110-->[com.facebook.android:facebook-common:17.0.1] AndroidManifest.xml:32:17-69
110-->[com.facebook.android:facebook-common:17.0.1] AndroidManifest.xml:32:25-66
111
112                <category android:name="android.intent.category.DEFAULT" />
112-->[com.facebook.android:facebook-common:17.0.1] AndroidManifest.xml:34:17-76
112-->[com.facebook.android:facebook-common:17.0.1] AndroidManifest.xml:34:27-73
113                <category android:name="android.intent.category.BROWSABLE" />
113-->[com.facebook.android:facebook-common:17.0.1] AndroidManifest.xml:35:17-78
113-->[com.facebook.android:facebook-common:17.0.1] AndroidManifest.xml:35:27-75
114
115                <data
115-->[com.facebook.android:facebook-common:17.0.1] AndroidManifest.xml:37:17-39:50
116                    android:host="cct.com.example.check_artisan_main"
116-->[com.facebook.android:facebook-common:17.0.1] AndroidManifest.xml:38:21-56
117                    android:scheme="fbconnect" />
117-->[com.facebook.android:facebook-common:17.0.1] AndroidManifest.xml:39:21-47
118            </intent-filter>
119        </activity>
120        <activity
120-->[com.google.android.gms:play-services-auth:21.2.0] AndroidManifest.xml:23:9-27:75
121            android:name="com.google.android.gms.auth.api.signin.internal.SignInHubActivity"
121-->[com.google.android.gms:play-services-auth:21.2.0] AndroidManifest.xml:24:13-93
122            android:excludeFromRecents="true"
122-->[com.google.android.gms:play-services-auth:21.2.0] AndroidManifest.xml:25:13-46
123            android:exported="false"
123-->[com.google.android.gms:play-services-auth:21.2.0] AndroidManifest.xml:26:13-37
124            android:theme="@android:style/Theme.Translucent.NoTitleBar" />
124-->[com.google.android.gms:play-services-auth:21.2.0] AndroidManifest.xml:27:13-72
125        <!--
126            Service handling Google Sign-In user revocation. For apps that do not integrate with
127            Google Sign-In, this service will never be started.
128        -->
129        <service
129-->[com.google.android.gms:play-services-auth:21.2.0] AndroidManifest.xml:33:9-37:51
130            android:name="com.google.android.gms.auth.api.signin.RevocationBoundService"
130-->[com.google.android.gms:play-services-auth:21.2.0] AndroidManifest.xml:34:13-89
131            android:exported="true"
131-->[com.google.android.gms:play-services-auth:21.2.0] AndroidManifest.xml:35:13-36
132            android:permission="com.google.android.gms.auth.api.signin.permission.REVOCATION_NOTIFICATION"
132-->[com.google.android.gms:play-services-auth:21.2.0] AndroidManifest.xml:36:13-107
133            android:visibleToInstantApps="true" />
133-->[com.google.android.gms:play-services-auth:21.2.0] AndroidManifest.xml:37:13-48
134
135        <activity
135-->[com.google.android.gms:play-services-base:18.3.0] AndroidManifest.xml:20:9-22:45
136            android:name="com.google.android.gms.common.api.GoogleApiActivity"
136-->[com.google.android.gms:play-services-base:18.3.0] AndroidManifest.xml:20:19-85
137            android:exported="false"
137-->[com.google.android.gms:play-services-base:18.3.0] AndroidManifest.xml:22:19-43
138            android:theme="@android:style/Theme.Translucent.NoTitleBar" />
138-->[com.google.android.gms:play-services-base:18.3.0] AndroidManifest.xml:21:19-78
139
140        <meta-data
140-->[com.google.android.gms:play-services-basement:18.3.0] AndroidManifest.xml:21:9-23:69
141            android:name="com.google.android.gms.version"
141-->[com.google.android.gms:play-services-basement:18.3.0] AndroidManifest.xml:22:13-58
142            android:value="@integer/google_play_services_version" />
142-->[com.google.android.gms:play-services-basement:18.3.0] AndroidManifest.xml:23:13-66
143        <!--
144         The initialization ContentProvider will call FacebookSdk.sdkInitialize automatically
145         with the application context. This config is merged in with the host app's manifest,
146         but there can only be one provider with the same authority activated at any given
147         point; so if the end user has two or more different apps that use Facebook SDK, only the
148         first one will be able to use the provider. To work around this problem, we use the
149         following placeholder in the authority to identify each host application as if it was
150         a completely different provider.
151        -->
152        <provider
152-->[com.facebook.android:facebook-core:17.0.1] AndroidManifest.xml:29:9-32:40
153            android:name="com.facebook.internal.FacebookInitProvider"
153-->[com.facebook.android:facebook-core:17.0.1] AndroidManifest.xml:30:13-70
154            android:authorities="com.example.check_artisan_main.FacebookInitProvider"
154-->[com.facebook.android:facebook-core:17.0.1] AndroidManifest.xml:31:13-72
155            android:exported="false" />
155-->[com.facebook.android:facebook-core:17.0.1] AndroidManifest.xml:32:13-37
156
157        <receiver
157-->[com.facebook.android:facebook-core:17.0.1] AndroidManifest.xml:34:9-40:20
158            android:name="com.facebook.CurrentAccessTokenExpirationBroadcastReceiver"
158-->[com.facebook.android:facebook-core:17.0.1] AndroidManifest.xml:35:13-86
159            android:exported="false" >
159-->[com.facebook.android:facebook-core:17.0.1] AndroidManifest.xml:36:13-37
160            <intent-filter>
160-->[com.facebook.android:facebook-core:17.0.1] AndroidManifest.xml:37:13-39:29
161                <action android:name="com.facebook.sdk.ACTION_CURRENT_ACCESS_TOKEN_CHANGED" />
161-->[com.facebook.android:facebook-core:17.0.1] AndroidManifest.xml:38:17-95
161-->[com.facebook.android:facebook-core:17.0.1] AndroidManifest.xml:38:25-92
162            </intent-filter>
163        </receiver>
164        <receiver
164-->[com.facebook.android:facebook-core:17.0.1] AndroidManifest.xml:41:9-47:20
165            android:name="com.facebook.AuthenticationTokenManager$CurrentAuthenticationTokenChangedBroadcastReceiver"
165-->[com.facebook.android:facebook-core:17.0.1] AndroidManifest.xml:42:13-118
166            android:exported="false" >
166-->[com.facebook.android:facebook-core:17.0.1] AndroidManifest.xml:43:13-37
167            <intent-filter>
167-->[com.facebook.android:facebook-core:17.0.1] AndroidManifest.xml:44:13-46:29
168                <action android:name="com.facebook.sdk.ACTION_CURRENT_AUTHENTICATION_TOKEN_CHANGED" />
168-->[com.facebook.android:facebook-core:17.0.1] AndroidManifest.xml:45:17-103
168-->[com.facebook.android:facebook-core:17.0.1] AndroidManifest.xml:45:25-100
169            </intent-filter>
170        </receiver>
171
172        <provider
172-->[androidx.profileinstaller:profileinstaller:1.3.1] AndroidManifest.xml:24:9-32:20
173            android:name="androidx.startup.InitializationProvider"
173-->[androidx.profileinstaller:profileinstaller:1.3.1] AndroidManifest.xml:25:13-67
174            android:authorities="com.example.check_artisan_main.androidx-startup"
174-->[androidx.profileinstaller:profileinstaller:1.3.1] AndroidManifest.xml:26:13-68
175            android:exported="false" >
175-->[androidx.profileinstaller:profileinstaller:1.3.1] AndroidManifest.xml:27:13-37
176            <meta-data
176-->[androidx.profileinstaller:profileinstaller:1.3.1] AndroidManifest.xml:29:13-31:52
177                android:name="androidx.profileinstaller.ProfileInstallerInitializer"
177-->[androidx.profileinstaller:profileinstaller:1.3.1] AndroidManifest.xml:30:17-85
178                android:value="androidx.startup" />
178-->[androidx.profileinstaller:profileinstaller:1.3.1] AndroidManifest.xml:31:17-49
179        </provider>
180
181        <receiver
181-->[androidx.profileinstaller:profileinstaller:1.3.1] AndroidManifest.xml:34:9-52:20
182            android:name="androidx.profileinstaller.ProfileInstallReceiver"
182-->[androidx.profileinstaller:profileinstaller:1.3.1] AndroidManifest.xml:35:13-76
183            android:directBootAware="false"
183-->[androidx.profileinstaller:profileinstaller:1.3.1] AndroidManifest.xml:36:13-44
184            android:enabled="true"
184-->[androidx.profileinstaller:profileinstaller:1.3.1] AndroidManifest.xml:37:13-35
185            android:exported="true"
185-->[androidx.profileinstaller:profileinstaller:1.3.1] AndroidManifest.xml:38:13-36
186            android:permission="android.permission.DUMP" >
186-->[androidx.profileinstaller:profileinstaller:1.3.1] AndroidManifest.xml:39:13-57
187            <intent-filter>
187-->[androidx.profileinstaller:profileinstaller:1.3.1] AndroidManifest.xml:40:13-42:29
188                <action android:name="androidx.profileinstaller.action.INSTALL_PROFILE" />
188-->[androidx.profileinstaller:profileinstaller:1.3.1] AndroidManifest.xml:41:17-91
188-->[androidx.profileinstaller:profileinstaller:1.3.1] AndroidManifest.xml:41:25-88
189            </intent-filter>
190            <intent-filter>
190-->[androidx.profileinstaller:profileinstaller:1.3.1] AndroidManifest.xml:43:13-45:29
191                <action android:name="androidx.profileinstaller.action.SKIP_FILE" />
191-->[androidx.profileinstaller:profileinstaller:1.3.1] AndroidManifest.xml:44:17-85
191-->[androidx.profileinstaller:profileinstaller:1.3.1] AndroidManifest.xml:44:25-82
192            </intent-filter>
193            <intent-filter>
193-->[androidx.profileinstaller:profileinstaller:1.3.1] AndroidManifest.xml:46:13-48:29
194                <action android:name="androidx.profileinstaller.action.SAVE_PROFILE" />
194-->[androidx.profileinstaller:profileinstaller:1.3.1] AndroidManifest.xml:47:17-88
194-->[androidx.profileinstaller:profileinstaller:1.3.1] AndroidManifest.xml:47:25-85
195            </intent-filter>
196            <intent-filter>
196-->[androidx.profileinstaller:profileinstaller:1.3.1] AndroidManifest.xml:49:13-51:29
197                <action android:name="androidx.profileinstaller.action.BENCHMARK_OPERATION" />
197-->[androidx.profileinstaller:profileinstaller:1.3.1] AndroidManifest.xml:50:17-95
197-->[androidx.profileinstaller:profileinstaller:1.3.1] AndroidManifest.xml:50:25-92
198            </intent-filter>
199        </receiver>
200    </application>
201
202</manifest>